[debug] [2021-03-06T21:38:23.392Z] ----------------------------------------------------------------------
[debug] [2021-03-06T21:38:23.395Z] Command:       C:\Program Files\nodejs\node.exe C:\Users\Abdul\AppData\Roaming\npm\node_modules\firebase-tools\lib\bin\firebase.js init
[debug] [2021-03-06T21:38:23.396Z] CLI Version:   9.5.0
[debug] [2021-03-06T21:38:23.396Z] Platform:      win32
[debug] [2021-03-06T21:38:23.396Z] Node Version:  v15.9.0
[debug] [2021-03-06T21:38:23.398Z] Time:          Sat Mar 06 2021 22:38:23 GMT+0100 (Central European Standard Time)
[debug] [2021-03-06T21:38:23.398Z] ----------------------------------------------------------------------
[debug] [2021-03-06T21:38:23.398Z] 
[debug] [2021-03-06T21:38:23.407Z] > command requires scopes: ["email","openid","https://www.googleapis.com/auth/cloudplatformprojects.readonly","https://www.googleapis.com/auth/firebase","https://www.googleapis.com/auth/cloud-platform"]
[debug] [2021-03-06T21:38:23.408Z] > authorizing via signed-in user
[info] 
     ######## #### ########  ######## ########     ###     ######  ########
     ##        ##  ##     ## ##       ##     ##  ##   ##  ##       ##
     ######    ##  ########  ######   ########  #########  ######  ######
     ##        ##  ##    ##  ##       ##     ## ##     ##       ## ##
     ##       #### ##     ## ######## ########  ##     ##  ######  ########

You're about to initialize a Firebase project in this directory:

  C:\PERSONAL\Big Data Projects\Vue\VueProject\geo-users

Before we get started, keep in mind:

  * You are currently outside your home directory

[info] 
=== Project Setup
[info] 
[info] First, let's associate this project directory with a Firebase project.
[info] You can create multiple project aliases by running firebase use --add, 
[info] but for now we'll just set up a default project.
[info] 
[debug] [2021-03-06T21:38:35.486Z] >>> [apiv2][query] GET https://firebase.googleapis.com/v1beta1/projects pageSize=100
[debug] [2021-03-06T21:38:35.875Z] <<< [apiv2][status] GET https://firebase.googleapis.com/v1beta1/projects 200
[debug] [2021-03-06T21:38:35.876Z] <<< [apiv2][body] GET https://firebase.googleapis.com/v1beta1/projects [omitted]
[info] i  Using project geo-users-7f204 (geo-users) 
[info] 
=== Firestore Setup
[debug] [2021-03-06T21:38:42.662Z] > refreshing access token with scopes: ["email","https://www.googleapis.com/auth/cloud-platform","https://www.googleapis.com/auth/cloudplatformprojects.readonly","https://www.googleapis.com/auth/firebase","openid"]
[debug] [2021-03-06T21:38:42.662Z] >>> HTTP REQUEST POST https://www.googleapis.com/oauth2/v3/token  
 <request body omitted>
[debug] [2021-03-06T21:38:42.778Z] <<< HTTP RESPONSE 200 {"pragma":"no-cache","cache-control":"no-cache, no-store, max-age=0, must-revalidate","expires":"Mon, 01 Jan 1990 00:00:00 GMT","date":"Sat, 06 Mar 2021 21:38:44 GMT","content-type":"application/json; charset=utf-8","vary":"X-Origin, Referer, Origin,Accept-Encoding","server":"scaffolding on HTTPServer2","x-xss-protection":"0","x-frame-options":"SAMEORIGIN","x-content-type-options":"nosniff","alt-svc":"h3-29=\":443\"; ma=2592000,h3-T051=\":443\"; ma=2592000,h3-Q050=\":443\"; ma=2592000,h3-Q046=\":443\"; ma=2592000,h3-Q043=\":443\"; ma=2592000,quic=\":443\"; ma=2592000; v=\"46,43\"","accept-ranges":"none","transfer-encoding":"chunked"}
[debug] [2021-03-06T21:38:42.783Z] >>> HTTP REQUEST GET https://serviceusage.googleapis.com/v1/projects/geo-users-7f204/services/firestore.googleapis.com  
 
[debug] [2021-03-06T21:38:43.760Z] <<< HTTP RESPONSE 200 {"content-type":"application/json; charset=UTF-8","vary":"X-Origin, Referer, Origin,Accept-Encoding","date":"Sat, 06 Mar 2021 21:38:45 GMT","server":"ESF","cache-control":"private","x-xss-protection":"0","x-frame-options":"SAMEORIGIN","x-content-type-options":"nosniff","alt-svc":"h3-29=\":443\"; ma=2592000,h3-T051=\":443\"; ma=2592000,h3-Q050=\":443\"; ma=2592000,h3-Q046=\":443\"; ma=2592000,h3-Q043=\":443\"; ma=2592000,quic=\":443\"; ma=2592000; v=\"46,43\"","accept-ranges":"none","transfer-encoding":"chunked"}
[debug] [2021-03-06T21:38:43.761Z] >>> HTTP REQUEST GET https://appengine.googleapis.com/v1/apps/geo-users-7f204  
 
[debug] [2021-03-06T21:38:44.174Z] <<< HTTP RESPONSE 200 {"content-type":"application/json; charset=UTF-8","vary":"X-Origin, Referer, Origin,Accept-Encoding","date":"Sat, 06 Mar 2021 21:38:45 GMT","server":"ESF","cache-control":"private","x-xss-protection":"0","x-frame-options":"SAMEORIGIN","x-content-type-options":"nosniff","alt-svc":"h3-29=\":443\"; ma=2592000,h3-T051=\":443\"; ma=2592000,h3-Q050=\":443\"; ma=2592000,h3-Q046=\":443\"; ma=2592000,h3-Q043=\":443\"; ma=2592000,quic=\":443\"; ma=2592000; v=\"46,43\"","accept-ranges":"none","transfer-encoding":"chunked"}
[debug] [2021-03-06T21:38:44.175Z] database_type: CLOUD_FIRESTORE
[debug] [2021-03-06T21:38:44.175Z] > command requires scopes: ["email","openid","https://www.googleapis.com/auth/cloudplatformprojects.readonly","https://www.googleapis.com/auth/firebase","https://www.googleapis.com/auth/cloud-platform"]
[debug] [2021-03-06T21:38:44.177Z] > authorizing via signed-in user
[debug] [2021-03-06T21:38:44.177Z] [iam] checking project geo-users-7f204 for permissions ["firebase.projects.get"]
[debug] [2021-03-06T21:38:44.178Z] >>> HTTP REQUEST POST https://cloudresourcemanager.googleapis.com/v1/projects/geo-users-7f204:testIamPermissions  
 {"permissions":["firebase.projects.get"]}
[debug] [2021-03-06T21:38:44.934Z] <<< HTTP RESPONSE 200 {"content-type":"application/json; charset=UTF-8","vary":"X-Origin, Referer, Origin,Accept-Encoding","date":"Sat, 06 Mar 2021 21:38:46 GMT","server":"ESF","cache-control":"private","x-xss-protection":"0","x-frame-options":"SAMEORIGIN","x-content-type-options":"nosniff","server-timing":"gfet4t7; dur=682","alt-svc":"h3-29=\":443\"; ma=2592000,h3-T051=\":443\"; ma=2592000,h3-Q050=\":443\"; ma=2592000,h3-Q046=\":443\"; ma=2592000,h3-Q043=\":443\"; ma=2592000,quic=\":443\"; ma=2592000; v=\"46,43\"","accept-ranges":"none","transfer-encoding":"chunked"}
[info] 
[info] Firestore Security Rules allow you to define how and when to allow
[info] requests. You can keep these rules in your project directory
[info] and publish them with firebase deploy.
[info] 
[debug] [2021-03-06T21:38:59.466Z] >>> HTTP REQUEST GET https://firebaserules.googleapis.com/v1/projects/geo-users-7f204/releases?pageSize=10&pageToken=  
 
[debug] [2021-03-06T21:39:00.210Z] <<< HTTP RESPONSE 200 {"content-type":"application/json; charset=UTF-8","vary":"X-Origin, Referer, Origin,Accept-Encoding","date":"Sat, 06 Mar 2021 21:39:01 GMT","server":"ESF","cache-control":"private","x-xss-protection":"0","x-frame-options":"SAMEORIGIN","x-content-type-options":"nosniff","alt-svc":"h3-29=\":443\"; ma=2592000,h3-T051=\":443\"; ma=2592000,h3-Q050=\":443\"; ma=2592000,h3-Q046=\":443\"; ma=2592000,h3-Q043=\":443\"; ma=2592000,quic=\":443\"; ma=2592000; v=\"46,43\"","accept-ranges":"none","transfer-encoding":"chunked"}
[debug] [2021-03-06T21:39:00.211Z] Found ruleset: projects/geo-users-7f204/rulesets/858f0059-3457-48ea-bbf5-edabb6204bd7
[debug] [2021-03-06T21:39:00.212Z] >>> HTTP REQUEST GET https://firebaserules.googleapis.com/v1/projects/geo-users-7f204/rulesets/858f0059-3457-48ea-bbf5-edabb6204bd7  
 
[debug] [2021-03-06T21:39:00.929Z] <<< HTTP RESPONSE 200 {"content-type":"application/json; charset=UTF-8","vary":"X-Origin, Referer, Origin,Accept-Encoding","date":"Sat, 06 Mar 2021 21:39:02 GMT","server":"ESF","cache-control":"private","x-xss-protection":"0","x-frame-options":"SAMEORIGIN","x-content-type-options":"nosniff","alt-svc":"h3-29=\":443\"; ma=2592000,h3-T051=\":443\"; ma=2592000,h3-Q050=\":443\"; ma=2592000,h3-Q046=\":443\"; ma=2592000,h3-Q043=\":443\"; ma=2592000,quic=\":443\"; ma=2592000; v=\"46,43\"","accept-ranges":"none","transfer-encoding":"chunked"}
[info] 
[info] Firestore indexes allow you to perform complex queries while
[info] maintaining performance that scales with the size of the result
[info] set. You can keep index definitions in your project directory
[info] and publish them with firebase deploy.
[info] 
[debug] [2021-03-06T21:39:12.837Z] >>> HTTP REQUEST GET https://firestore.googleapis.com/v1/projects/geo-users-7f204/databases/(default)/collectionGroups/-/indexes  
 
[debug] [2021-03-06T21:39:12.838Z] >>> HTTP REQUEST GET https://firestore.googleapis.com/v1/projects/geo-users-7f204/databases/(default)/collectionGroups/-/fields?filter=indexConfig.usesAncestorConfig=false  
 
[debug] [2021-03-06T21:39:13.924Z] <<< HTTP RESPONSE 200 {"content-type":"application/json; charset=UTF-8","vary":"X-Origin, Referer, Origin,Accept-Encoding","date":"Sat, 06 Mar 2021 21:39:15 GMT","server":"ESF","cache-control":"private","x-xss-protection":"0","x-frame-options":"SAMEORIGIN","x-content-type-options":"nosniff","alt-svc":"h3-29=\":443\"; ma=2592000,h3-T051=\":443\"; ma=2592000,h3-Q050=\":443\"; ma=2592000,h3-Q046=\":443\"; ma=2592000,h3-Q043=\":443\"; ma=2592000,quic=\":443\"; ma=2592000; v=\"46,43\"","accept-ranges":"none","transfer-encoding":"chunked"}
[debug] [2021-03-06T21:39:13.943Z] <<< HTTP RESPONSE 200 {"content-type":"application/json; charset=UTF-8","vary":"X-Origin, Referer, Origin,Accept-Encoding","date":"Sat, 06 Mar 2021 21:39:15 GMT","server":"ESF","cache-control":"private","x-xss-protection":"0","x-frame-options":"SAMEORIGIN","x-content-type-options":"nosniff","alt-svc":"h3-29=\":443\"; ma=2592000,h3-T051=\":443\"; ma=2592000,h3-Q050=\":443\"; ma=2592000,h3-Q046=\":443\"; ma=2592000,h3-Q043=\":443\"; ma=2592000,quic=\":443\"; ma=2592000; v=\"46,43\"","accept-ranges":"none","transfer-encoding":"chunked"}
[info] 
=== Functions Setup
[info] 
[info] A functions directory will be created in your project with a Node.js
[info] package pre-configured. Functions can be deployed with firebase deploy.
[info] 
[debug] [2021-03-06T21:39:13.970Z] > command requires scopes: ["email","openid","https://www.googleapis.com/auth/cloudplatformprojects.readonly","https://www.googleapis.com/auth/firebase","https://www.googleapis.com/auth/cloud-platform"]
[debug] [2021-03-06T21:39:13.972Z] > authorizing via signed-in user
[debug] [2021-03-06T21:39:13.972Z] [iam] checking project geo-users-7f204 for permissions ["firebase.projects.get"]
[debug] [2021-03-06T21:39:13.973Z] >>> HTTP REQUEST POST https://cloudresourcemanager.googleapis.com/v1/projects/geo-users-7f204:testIamPermissions  
 {"permissions":["firebase.projects.get"]}
[debug] [2021-03-06T21:39:14.707Z] <<< HTTP RESPONSE 200 {"content-type":"application/json; charset=UTF-8","vary":"X-Origin, Referer, Origin,Accept-Encoding","date":"Sat, 06 Mar 2021 21:39:16 GMT","server":"ESF","cache-control":"private","x-xss-protection":"0","x-frame-options":"SAMEORIGIN","x-content-type-options":"nosniff","server-timing":"gfet4t7; dur=627","alt-svc":"h3-29=\":443\"; ma=2592000,h3-T051=\":443\"; ma=2592000,h3-Q050=\":443\"; ma=2592000,h3-Q046=\":443\"; ma=2592000,h3-Q043=\":443\"; ma=2592000,quic=\":443\"; ma=2592000; v=\"46,43\"","accept-ranges":"none","transfer-encoding":"chunked"}
[debug] [2021-03-06T21:39:14.709Z] >>> HTTP REQUEST POST https://serviceusage.googleapis.com/v1/projects/geo-users-7f204/services/cloudfunctions.googleapis.com:enable  
 
[debug] [2021-03-06T21:39:14.709Z] >>> HTTP REQUEST POST https://serviceusage.googleapis.com/v1/projects/geo-users-7f204/services/runtimeconfig.googleapis.com:enable  
 
[debug] [2021-03-06T21:39:15.576Z] <<< HTTP RESPONSE 200 {"content-type":"application/json; charset=UTF-8","vary":"X-Origin, Referer, Origin,Accept-Encoding","date":"Sat, 06 Mar 2021 21:39:17 GMT","server":"ESF","cache-control":"private","x-xss-protection":"0","x-frame-options":"SAMEORIGIN","x-content-type-options":"nosniff","alt-svc":"h3-29=\":443\"; ma=2592000,h3-T051=\":443\"; ma=2592000,h3-Q050=\":443\"; ma=2592000,h3-Q046=\":443\"; ma=2592000,h3-Q043=\":443\"; ma=2592000,quic=\":443\"; ma=2592000; v=\"46,43\"","accept-ranges":"none","transfer-encoding":"chunked"}
[debug] [2021-03-06T21:39:16.232Z] <<< HTTP RESPONSE 200 {"content-type":"application/json; charset=UTF-8","vary":"X-Origin, Referer, Origin,Accept-Encoding","date":"Sat, 06 Mar 2021 21:39:17 GMT","server":"ESF","cache-control":"private","x-xss-protection":"0","x-frame-options":"SAMEORIGIN","x-content-type-options":"nosniff","alt-svc":"h3-29=\":443\"; ma=2592000,h3-T051=\":443\"; ma=2592000,h3-Q050=\":443\"; ma=2592000,h3-Q046=\":443\"; ma=2592000,h3-Q043=\":443\"; ma=2592000,quic=\":443\"; ma=2592000; v=\"46,43\"","accept-ranges":"none","transfer-encoding":"chunked"}
[info] +  Wrote functions/package.json 
[info] +  Wrote functions/index.js 
[info] +  Wrote functions/.gitignore 
[info] 
=== Hosting Setup
[info] 
[info] Your public directory is the folder (relative to your project directory) that
[info] will contain Hosting assets to be uploaded with firebase deploy. If you
[info] have a build process for your assets, use your build's output directory.
[info] 
[debug] [2021-03-06T21:40:32.772Z] >>> [apiv2][query] GET https://www.gstatic.com/firebasejs/releases.json [none]
[debug] [2021-03-06T21:40:32.871Z] <<< [apiv2][status] GET https://www.gstatic.com/firebasejs/releases.json 200
[debug] [2021-03-06T21:40:32.871Z] <<< [apiv2][body] GET https://www.gstatic.com/firebasejs/releases.json {"current":{"version":"8.2.10","browserURL":"https://www.gstatic.com/firebasejs/8.2.10/firebase.js","packageURL":"https://www.gstatic.com/firebasejs/8.2.10/firebase.tgz"},"live":{"version":"8.2","browserURL":"https://www.gstatic.com/firebasejs/live/8.2/firebase.js","packageURL":"https://www.gstatic.com/firebasejs/live/8.2/firebase.tgz"},"components":{"analytics":"https://www.gstatic.com/firebasejs/8.2.10/firebase-analytics.js","app":"https://www.gstatic.com/firebasejs/8.2.10/firebase-app.js","auth":"https://www.gstatic.com/firebasejs/8.2.10/firebase-auth.js","database":"https://www.gstatic.com/firebasejs/8.2.10/firebase-database.js","firestore":"https://www.gstatic.com/firebasejs/8.2.10/firebase-firestore.js","functions":"https://www.gstatic.com/firebasejs/8.2.10/firebase-functions.js","installations":"https://www.gstatic.com/firebasejs/8.2.10/firebase-installations.js","messaging":"https://www.gstatic.com/firebasejs/8.2.10/firebase-messaging.js","storage":"https://www.gstatic.com/firebasejs/8.2.10/firebase-storage.js","performance":"https://www.gstatic.com/firebasejs/8.2.10/firebase-performance.js","remote-config":"https://www.gstatic.com/firebasejs/8.2.10/firebase-remote-config.js","firestore.memory":"https://www.gstatic.com/firebasejs/8.2.10/firebase-firestore.memory.js"}}
[info] +  Wrote dist/index.html 
[info] 
[info] i  Detected a .git folder at C:\PERSONAL\Big Data Projects\Vue 
[info] i  Authorizing with GitHub to upload your service account to a GitHub repository's secrets store. 
[info] 
[info] Visit this URL on this device to log in:
[info] https://github.com/login/oauth/authorize?client_id=89cf50f02ac6aaed3484&state=1045859266&redirect_uri=http%3A%2F%2Flocalhost%3A9005&scope=read%3Auser%20repo%20public_repo
[info] 
[info] Waiting for authentication...
